# JRE version: Java(TM) SE Runtime Environment (17.0.10+11) (build 17.0.10+11-LTS-240)
# Java VM: Java HotSpot(TM) 64-Bit Server VM (17.0.10+11-LTS-240, mixed mode, sharing, tiered, compressed oops, compressed class ptrs, g1 gc, windows-amd64)
GC Precious Log:
 CPUs: 8 total, 8 available
 Memory: 3971M
 Large Page Support: Disabled
 NUMA Support: Disabled
 Compressed Oops: Enabled (32-bit)
 Heap Region Size: 1M
 Heap Min Capacity: 256M
 Heap Initial Capacity: 256M
 Heap Max Capacity: 512M
 Pre-touch: Disabled
 Parallel Workers: 8
 Concurrent Workers: 2
 Concurrent Refinement Workers: 8
 Periodic GC: Disabled
Heap:
 garbage-first heap   total 273408K, used 122101K [0x00000000e0000000, 0x0000000100000000)
  region size 1024K, 4 young (4096K), 2 survivors (2048K)
 Metaspace       used 86348K, committed 87424K, reserved 458752K
  class space    used 11395K, committed 11904K, reserved 327680K
GC Heap History (20 events):
Event: 431.649 GC heap before
{Heap before GC invocations=39 (full 3):
 garbage-first heap   total 273408K, used 219250K [0x00000000e0000000, 0x0000000100000000)
  region size 1024K, 114 young (116736K), 1 survivors (1024K)
 Metaspace       used 84692K, committed 86144K, reserved 458752K
  class space    used 11190K, committed 11840K, reserved 327680K
}
Event: 431.656 GC heap after
{Heap after GC invocations=40 (full 3):
 garbage-first heap   total 273408K, used 107695K [0x00000000e0000000, 0x0000000100000000)
  region size 1024K, 4 young (4096K), 4 survivors (4096K)
 Metaspace       used 84692K, committed 86144K, reserved 458752K
  class space    used 11190K, committed 11840K, reserved 327680K
}
Event: 436.999 GC heap before
{Heap before GC invocations=40 (full 3):
 garbage-first heap   total 273408K, used 223407K [0x00000000e0000000, 0x0000000100000000)
  region size 1024K, 116 young (118784K), 4 survivors (4096K)
 Metaspace       used 85448K, committed 86528K, reserved 458752K
  class space    used 11279K, committed 11840K, reserved 327680K
}
Event: 437.010 GC heap after
{Heap after GC invocations=41 (full 3):
 garbage-first heap   total 273408K, used 112466K [0x00000000e0000000, 0x0000000100000000)
  region size 1024K, 8 young (8192K), 8 survivors (8192K)
 Metaspace       used 85448K, committed 86528K, reserved 458752K
  class space    used 11279K, committed 11840K, reserved 327680K
}
Event: 437.937 GC heap before
{Heap before GC invocations=41 (full 3):
 garbage-first heap   total 273408K, used 222034K [0x00000000e0000000, 0x0000000100000000)
  region size 1024K, 115 young (117760K), 8 survivors (8192K)
 Metaspace       used 85454K, committed 86528K, reserved 458752K
  class space    used 11279K, committed 11840K, reserved 327680K
}
Event: 437.948 GC heap after
{Heap after GC invocations=42 (full 3):
 garbage-first heap   total 273408K, used 111027K [0x00000000e0000000, 0x0000000100000000)
  region size 1024K, 7 young (7168K), 7 survivors (7168K)
 Metaspace       used 85454K, committed 86528K, reserved 458752K
  class space    used 11279K, committed 11840K, reserved 327680K
}
Event: 2347.185 GC heap before
{Heap before GC invocations=42 (full 3):
 garbage-first heap   total 273408K, used 226739K [0x00000000e0000000, 0x0000000100000000)
  region size 1024K, 119 young (121856K), 7 survivors (7168K)
 Metaspace       used 86215K, committed 87296K, reserved 458752K
  class space    used 11383K, committed 11904K, reserved 327680K
}
Event: 2351.031 GC heap after
{Heap after GC invocations=43 (full 3):
 garbage-first heap   total 273408K, used 110019K [0x00000000e0000000, 0x0000000100000000)
  region size 1024K, 7 young (7168K), 7 survivors (7168K)
 Metaspace       used 86215K, committed 87296K, reserved 458752K
  class space    used 11383K, committed 11904K, reserved 327680K
}
Event: 2368.157 GC heap before
{Heap before GC invocations=43 (full 3):
 garbage-first heap   total 273408K, used 116163K [0x00000000e0000000, 0x0000000100000000)
  region size 1024K, 13 young (13312K), 7 survivors (7168K)
 Metaspace       used 86225K, committed 87296K, reserved 458752K
  class space    used 11383K, committed 11904K, reserved 327680K
}
Event: 2368.603 GC heap after
{Heap after GC invocations=44 (full 3):
 garbage-first heap   total 273408K, used 111751K [0x00000000e0000000, 0x0000000100000000)
  region size 1024K, 2 young (2048K), 2 survivors (2048K)
 Metaspace       used 86225K, committed 87296K, reserved 458752K
  class space    used 11383K, committed 11904K, reserved 327680K
}
Event: 2378.457 GC heap before
{Heap before GC invocations=44 (full 3):
 garbage-first heap   total 273408K, used 121991K [0x00000000e0000000, 0x0000000100000000)
  region size 1024K, 13 young (13312K), 2 survivors (2048K)
 Metaspace       used 86324K, committed 87424K, reserved 458752K
  class space    used 11395K, committed 11904K, reserved 327680K
}
Event: 2378.594 GC heap after
{Heap after GC invocations=45 (full 3):
 garbage-first heap   total 273408K, used 114107K [0x00000000e0000000, 0x0000000100000000)
  region size 1024K, 2 young (2048K), 2 survivors (2048K)
 Metaspace       used 86324K, committed 87424K, reserved 458752K
  class space    used 11395K, committed 11904K, reserved 327680K
}
Event: 2380.207 GC heap before
{Heap before GC invocations=45 (full 3):
 garbage-first heap   total 273408K, used 124347K [0x00000000e0000000, 0x0000000100000000)
  region size 1024K, 13 young (13312K), 2 survivors (2048K)
 Metaspace       used 86328K, committed 87424K, reserved 458752K
  class space    used 11395K, committed 11904K, reserved 327680K
}
Event: 2380.242 GC heap after
{Heap after GC invocations=46 (full 3):
 garbage-first heap   total 273408K, used 115731K [0x00000000e0000000, 0x0000000100000000)
  region size 1024K, 2 young (2048K), 2 survivors (2048K)
 Metaspace       used 86328K, committed 87424K, reserved 458752K
  class space    used 11395K, committed 11904K, reserved 327680K
}
Event: 2380.979 GC heap before
{Heap before GC invocations=46 (full 3):
 garbage-first heap   total 273408K, used 126995K [0x00000000e0000000, 0x0000000100000000)
  region size 1024K, 13 young (13312K), 2 survivors (2048K)
 Metaspace       used 86328K, committed 87424K, reserved 458752K
  class space    used 11395K, committed 11904K, reserved 327680K
}
Event: 2381.012 GC heap after
{Heap after GC invocations=47 (full 3):
 garbage-first heap   total 273408K, used 116877K [0x00000000e0000000, 0x0000000100000000)
  region size 1024K, 2 young (2048K), 2 survivors (2048K)
 Metaspace       used 86328K, committed 87424K, reserved 458752K
  class space    used 11395K, committed 11904K, reserved 327680K
}
Event: 2382.028 GC heap before
{Heap before GC invocations=47 (full 3):
 garbage-first heap   total 273408K, used 128141K [0x00000000e0000000, 0x0000000100000000)
  region size 1024K, 13 young (13312K), 2 survivors (2048K)
 Metaspace       used 86344K, committed 87424K, reserved 458752K
  class space    used 11395K, committed 11904K, reserved 327680K
}
Event: 2382.047 GC heap after
{Heap after GC invocations=48 (full 3):
 garbage-first heap   total 273408K, used 118321K [0x00000000e0000000, 0x0000000100000000)
  region size 1024K, 2 young (2048K), 2 survivors (2048K)
 Metaspace       used 86344K, committed 87424K, reserved 458752K
  class space    used 11395K, committed 11904K, reserved 327680K
}
Event: 2383.196 GC heap before
{Heap before GC invocations=48 (full 3):
 garbage-first heap   total 273408K, used 128561K [0x00000000e0000000, 0x0000000100000000)
  region size 1024K, 13 young (13312K), 2 survivors (2048K)
 Metaspace       used 86347K, committed 87424K, reserved 458752K
  class space    used 11395K, committed 11904K, reserved 327680K
}
Event: 2383.281 GC heap after
{Heap after GC invocations=49 (full 3):
 garbage-first heap   total 273408K, used 119764K [0x00000000e0000000, 0x0000000100000000)
  region size 1024K, 2 young (2048K), 2 survivors (2048K)
 Metaspace       used 86347K, committed 87424K, reserved 458752K
  class space    used 11395K, committed 11904K, reserved 327680K
}

